d:\vs\code\机房预约系统\机房预约系统\x64\debug\vc143.pdb
d:\vs\code\机房预约系统\机房预约系统\x64\debug\vc143.idb
d:\vs\code\机房预约系统\机房预约系统\x64\debug\机房预约系统.obj
d:\vs\code\机房预约系统\机房预约系统\x64\debug\teacher.obj
d:\vs\code\机房预约系统\机房预约系统\x64\debug\student.obj
d:\vs\code\机房预约系统\机房预约系统\x64\debug\orderfile.obj
d:\vs\code\机房预约系统\机房预约系统\x64\debug\manager.obj
d:\vs\code\机房预约系统\机房预约系统\x64\debug\globafile.obj
d:\vs\code\机房预约系统\机房预约系统\x64\debug\computerroom.obj
d:\vs\code\机房预约系统\x64\debug\机房预约系统.exe
d:\vs\code\机房预约系统\x64\debug\机房预约系统.pdb
d:\vs\code\机房预约系统\机房预约系统\x64\debug\机房预约系统.ilk
d:\vs\code\机房预约系统\机房预约系统\x64\debug\机房预约系统.tlog\cl.command.1.tlog
d:\vs\code\机房预约系统\机房预约系统\x64\debug\机房预约系统.tlog\cl.items.tlog
d:\vs\code\机房预约系统\机房预约系统\x64\debug\机房预约系统.tlog\cl.read.1.tlog
d:\vs\code\机房预约系统\机房预约系统\x64\debug\机房预约系统.tlog\cl.write.1.tlog
d:\vs\code\机房预约系统\机房预约系统\x64\debug\机房预约系统.tlog\link.command.1.tlog
d:\vs\code\机房预约系统\机房预约系统\x64\debug\机房预约系统.tlog\link.read.1.tlog
d:\vs\code\机房预约系统\机房预约系统\x64\debug\机房预约系统.tlog\link.secondary.1.tlog
d:\vs\code\机房预约系统\机房预约系统\x64\debug\机房预约系统.tlog\link.write.1.tlog
